<?xml version="1.0" encoding="UTF-8"?>
<!-- Generated by org.testng.reporters.JUnitXMLReporter -->
<testsuite ignored="0" hostname="DESKTOP-07GV6CH" failures="4" tests="4" name="orangehrm" time="5.253" errors="0" timestamp="2023-07-07T15:41:30 IST">
  <testcase classname="Parameterization.Orangehrm" name="launchapp" time="0.03">
    <failure type="java.lang.NullPointerException" message="Cannot invoke &amp;quot;org.openqa.selenium.WebDriver.get(String)&amp;quot; because &amp;quot;this.driver&amp;quot; is null">
      <![CDATA[java.lang.NullPointerException: Cannot invoke "org.openqa.selenium.WebDriver.get(String)" because "this.driver" is null
at Parameterization.Orangehrm.launchapp(Orangehrm.java:35)
at java.base/java.util.ArrayList.forEach(ArrayList.java:1511)
... Removed 25 stack frames]]>
    </failure>
  </testcase> <!-- launchapp -->
  <testcase classname="Parameterization.Orangehrm" name="EnterLogin_Details" time="0.0">
    <failure type="org.testng.TestNGException" message="
Parameter &amp;apos;Username&amp;apos; is required by @Test on method EnterLogin_Details but has not been marked @Optional or defined
in C:\Users\HP\eclipse-workspace\March11Testng\OrangeHRM.xml">
      <![CDATA[org.testng.TestNGException: 
Parameter 'Username' is required by @Test on method EnterLogin_Details but has not been marked @Optional or defined
in C:\Users\HP\eclipse-workspace\March11Testng\OrangeHRM.xml
at java.base/java.util.ArrayList.forEach(ArrayList.java:1511)
... Removed 26 stack frames]]>
    </failure>
  </testcase> <!-- EnterLogin_Details -->
  <testcase classname="Parameterization.Orangehrm" name="NevigateToMyinfo" time="5.035">
    <failure type="java.lang.NullPointerException" message="Cannot invoke &amp;quot;org.openqa.selenium.WebDriver.findElement(org.openqa.selenium.By)&amp;quot; because &amp;quot;this.driver&amp;quot; is null">
      <![CDATA[java.lang.NullPointerException: Cannot invoke "org.openqa.selenium.WebDriver.findElement(org.openqa.selenium.By)" because "this.driver" is null
at Parameterization.Orangehrm.NevigateToMyinfo(Orangehrm.java:51)
at java.base/java.util.ArrayList.forEach(ArrayList.java:1511)
... Removed 25 stack frames]]>
    </failure>
  </testcase> <!-- NevigateToMyinfo -->
  <testcase classname="Parameterization.Orangehrm" name="MyinfoCheck" time="0.014">
    <failure type="java.lang.NullPointerException" message="Cannot invoke &amp;quot;org.openqa.selenium.WebDriver.findElement(org.openqa.selenium.By)&amp;quot; because &amp;quot;this.driver&amp;quot; is null">
      <![CDATA[java.lang.NullPointerException: Cannot invoke "org.openqa.selenium.WebDriver.findElement(org.openqa.selenium.By)" because "this.driver" is null
at Parameterization.Orangehrm.MyinfoCheck(Orangehrm.java:57)
at java.base/java.util.ArrayList.forEach(ArrayList.java:1511)
... Removed 25 stack frames]]>
    </failure>
  </testcase> <!-- MyinfoCheck -->
</testsuite> <!-- orangehrm -->
